2021-10-21 20:32:44,961 [main] INFO  org.mule.module.launcher.application.DefaultMuleApplication - 
++++++++++++++++++++++++++++++++++++++++++++++++++++++++++++
+ Initializing app 'helloworld'                            +
++++++++++++++++++++++++++++++++++++++++++++++++++++++++++++
2021-10-21 20:32:45,843 [main] INFO  org.mule.lifecycle.AbstractLifecycleManager - Initialising RegistryBroker
2021-10-21 20:32:46,040 [main] INFO  org.mule.module.extension.internal.manager.DefaultExtensionManager - Starting discovery of extensions
2021-10-21 20:32:46,321 [main] INFO  org.mule.module.extension.internal.manager.DefaultExtensionManager - Discovered 1 extensions
2021-10-21 20:32:46,321 [main] INFO  org.mule.module.extension.internal.manager.DefaultExtensionManager - Registering extension validation (version 3.8)
2021-10-21 20:32:46,567 [main] INFO  org.mule.config.spring.MuleArtifactContext - Refreshing org.mule.config.spring.MuleArtifactContext@1849db1a: startup date [Thu Oct 21 20:32:46 CEST 2021]; root of context hierarchy
2021-10-21 20:32:49,472 [main] INFO  org.mule.config.spring.processors.NoDevkitInjectorProcessor - JSR-330 'javax.inject.Inject' annotation found and supported for autowiring
2021-10-21 20:32:51,393 [main] WARN  org.mule.module.ognl.expression.OgnlExpressionEvaluator - OGNL module is deprecated and will be removed in Mule 4.0. Use MEL expressions instead.
2021-10-21 20:32:52,449 [main] INFO  org.mule.util.journal.TransactionJournal - Using files for tx logs C:\Users\dfmar\AnypointStudio\workspace\.mule\.\.mule\helloworld\queue-tx-log\tx1.log and C:\Users\dfmar\AnypointStudio\workspace\.mule\.\.mule\helloworld\queue-tx-log\tx2.log
2021-10-21 20:32:52,493 [main] INFO  org.mule.util.journal.TransactionJournal - Using files for tx logs C:\Users\dfmar\AnypointStudio\workspace\.mule\.\.mule\helloworld\queue-xa-tx-log\tx1.log and C:\Users\dfmar\AnypointStudio\workspace\.mule\.\.mule\helloworld\queue-xa-tx-log\tx2.log
2021-10-21 20:32:52,801 [main] INFO  org.mule.lifecycle.AbstractLifecycleManager - Initialising model: _muleSystemModel
2021-10-21 20:32:52,801 [main] INFO  org.mule.construct.FlowConstructLifecycleManager - Initialising flow: helloworldFlow
2021-10-21 20:32:52,801 [main] INFO  org.mule.exception.DefaultMessagingExceptionStrategy - Initialising exception listener: org.mule.exception.DefaultMessagingExceptionStrategy@1db87583
2021-10-21 20:32:52,832 [main] INFO  org.mule.processor.SedaStageLifecycleManager - Initialising service: helloworldFlow.stage1
2021-10-21 20:32:52,848 [main] INFO  org.mule.component.ComponentLifecycleManager - Initialising component: component.306889029
2021-10-21 20:32:53,615 [main] INFO  org.mule.config.spring.SpringXmlConfigurationBuilder - Configured Mule using "org.mule.config.spring.SpringXmlConfigurationBuilder" with configuration resource(s): "[ConfigResource{resourceName='C:\Users\dfmar\AnypointStudio\workspace\.mule\apps\helloworld\helloworld.xml'}]"
2021-10-21 20:32:53,615 [main] INFO  org.mule.config.builders.AutoConfigurationBuilder - Configured Mule using "org.mule.config.builders.AutoConfigurationBuilder" with configuration resource(s): "[ConfigResource{resourceName='C:\Users\dfmar\AnypointStudio\workspace\.mule\apps\helloworld\helloworld.xml'}]"
2021-10-21 20:32:54,226 [main] INFO  org.mule.module.launcher.application.DefaultMuleApplication - 
++++++++++++++++++++++++++++++++++++++++++++++++++++++++++++
+ Starting app 'helloworld'                                +
++++++++++++++++++++++++++++++++++++++++++++++++++++++++++++
2021-10-21 20:32:54,226 [main] INFO  org.mule.util.queue.QueueXaResourceManager - Starting ResourceManager
2021-10-21 20:32:54,226 [main] INFO  org.mule.util.queue.QueueXaResourceManager - Started ResourceManager
2021-10-21 20:32:54,445 [main] INFO  org.mule.module.http.internal.listener.DefaultHttpListenerConfig - Listening for requests on http://0.0.0.0:8081
2021-10-21 20:32:54,445 [main] INFO  org.mule.modules.oauth2.provider.agents.DefaultSplashScreenAgent - 
++++++++++++++++++++++++++++++++++++++++++++++++++++++++++++++++++++++++++++++++
+ DevKit Extensions (0) used in this application 
                             +
++++++++++++++++++++++++++++++++++++++++++++++++++++++++++++++++++++++++++++++++
2021-10-21 20:32:54,445 [main] INFO  org.mule.lifecycle.AbstractLifecycleManager - Starting model: _muleSystemModel
2021-10-21 20:32:54,445 [main] INFO  org.mule.construct.FlowConstructLifecycleManager - Starting flow: helloworldFlow
2021-10-21 20:32:54,445 [main] INFO  org.mule.processor.SedaStageLifecycleManager - Starting service: helloworldFlow.stage1
2021-10-21 20:32:54,461 [main] INFO  org.mule.component.ComponentLifecycleManager - Starting component: component.306889029
2021-10-21 20:32:54,586 [main] INFO  org.mule.module.management.agent.WrapperManagerAgent - This JVM hasn't been launched by the wrapper, the agent will not run.
2021-10-21 20:32:54,651 [main] INFO  org.mule.DefaultMuleContext - 
**********************************************************************
* Application: helloworld                                            *
* OS encoding: \, Mule encoding: UTF-8                               *
*                                                                    *
* Agents Running:                                                    *
*   JMX Agent                                                        *
*   Batch module default engine                                      *
*   DevKit Extension Information                                     *
*   Wrapper Manager                                                  *
**********************************************************************
2021-10-21 20:39:32,866 [main] INFO  org.mule.module.launcher.application.DefaultMuleApplication - 
++++++++++++++++++++++++++++++++++++++++++++++++++++++++++++
+ Initializing app 'helloworld'                            +
++++++++++++++++++++++++++++++++++++++++++++++++++++++++++++
2021-10-21 20:39:33,994 [main] INFO  org.mule.lifecycle.AbstractLifecycleManager - Initialising RegistryBroker
2021-10-21 20:39:34,292 [main] INFO  org.mule.module.extension.internal.manager.DefaultExtensionManager - Starting discovery of extensions
2021-10-21 20:39:34,807 [main] INFO  org.mule.module.extension.internal.manager.DefaultExtensionManager - Discovered 1 extensions
2021-10-21 20:39:34,807 [main] INFO  org.mule.module.extension.internal.manager.DefaultExtensionManager - Registering extension validation (version 3.8)
2021-10-21 20:39:35,089 [main] INFO  org.mule.config.spring.MuleArtifactContext - Refreshing org.mule.config.spring.MuleArtifactContext@1ca25c47: startup date [Thu Oct 21 20:39:35 CEST 2021]; root of context hierarchy
2021-10-21 20:39:38,439 [main] INFO  org.mule.config.spring.processors.NoDevkitInjectorProcessor - JSR-330 'javax.inject.Inject' annotation found and supported for autowiring
2021-10-21 20:39:40,417 [main] WARN  org.mule.module.ognl.expression.OgnlExpressionEvaluator - OGNL module is deprecated and will be removed in Mule 4.0. Use MEL expressions instead.
2021-10-21 20:39:41,707 [main] INFO  org.mule.util.journal.TransactionJournal - Using files for tx logs C:\Users\dfmar\AnypointStudio\workspace\.mule\.\.mule\helloworld\queue-tx-log\tx1.log and C:\Users\dfmar\AnypointStudio\workspace\.mule\.\.mule\helloworld\queue-tx-log\tx2.log
2021-10-21 20:39:41,837 [main] INFO  org.mule.util.journal.TransactionJournal - Using files for tx logs C:\Users\dfmar\AnypointStudio\workspace\.mule\.\.mule\helloworld\queue-xa-tx-log\tx1.log and C:\Users\dfmar\AnypointStudio\workspace\.mule\.\.mule\helloworld\queue-xa-tx-log\tx2.log
2021-10-21 20:39:42,267 [main] INFO  org.mule.lifecycle.AbstractLifecycleManager - Initialising model: _muleSystemModel
2021-10-21 20:39:42,283 [main] INFO  org.mule.construct.FlowConstructLifecycleManager - Initialising flow: helloworldFlow
2021-10-21 20:39:42,298 [main] INFO  org.mule.exception.DefaultMessagingExceptionStrategy - Initialising exception listener: org.mule.exception.DefaultMessagingExceptionStrategy@57545c3f
2021-10-21 20:39:42,330 [main] INFO  org.mule.processor.SedaStageLifecycleManager - Initialising service: helloworldFlow.stage1
2021-10-21 20:39:42,346 [main] INFO  org.mule.component.ComponentLifecycleManager - Initialising component: component.619199769
2021-10-21 20:39:43,486 [main] INFO  org.mule.config.spring.SpringXmlConfigurationBuilder - Configured Mule using "org.mule.config.spring.SpringXmlConfigurationBuilder" with configuration resource(s): "[ConfigResource{resourceName='C:\Users\dfmar\AnypointStudio\workspace\.mule\apps\helloworld\helloworld.xml'}]"
2021-10-21 20:39:43,504 [main] INFO  org.mule.config.builders.AutoConfigurationBuilder - Configured Mule using "org.mule.config.builders.AutoConfigurationBuilder" with configuration resource(s): "[ConfigResource{resourceName='C:\Users\dfmar\AnypointStudio\workspace\.mule\apps\helloworld\helloworld.xml'}]"
2021-10-21 20:39:44,777 [main] INFO  org.mule.module.launcher.application.DefaultMuleApplication - 
++++++++++++++++++++++++++++++++++++++++++++++++++++++++++++
+ Starting app 'helloworld'                                +
++++++++++++++++++++++++++++++++++++++++++++++++++++++++++++
2021-10-21 20:39:44,791 [main] INFO  org.mule.util.queue.QueueXaResourceManager - Starting ResourceManager
2021-10-21 20:39:44,791 [main] INFO  org.mule.util.queue.QueueXaResourceManager - Started ResourceManager
2021-10-21 20:39:44,963 [main] INFO  org.mule.module.http.internal.listener.DefaultHttpListenerConfig - Listening for requests on http://0.0.0.0:8081
2021-10-21 20:39:44,963 [main] INFO  org.mule.modules.oauth2.provider.agents.DefaultSplashScreenAgent - 
++++++++++++++++++++++++++++++++++++++++++++++++++++++++++++++++++++++++++++++++
+ DevKit Extensions (0) used in this application 
                             +
++++++++++++++++++++++++++++++++++++++++++++++++++++++++++++++++++++++++++++++++
2021-10-21 20:39:44,963 [main] INFO  org.mule.lifecycle.AbstractLifecycleManager - Starting model: _muleSystemModel
2021-10-21 20:39:44,979 [main] INFO  org.mule.construct.FlowConstructLifecycleManager - Starting flow: helloworldFlow
2021-10-21 20:39:44,979 [main] INFO  org.mule.processor.SedaStageLifecycleManager - Starting service: helloworldFlow.stage1
2021-10-21 20:39:44,979 [main] INFO  org.mule.component.ComponentLifecycleManager - Starting component: component.619199769
2021-10-21 20:39:45,088 [main] INFO  org.mule.module.management.agent.WrapperManagerAgent - This JVM hasn't been launched by the wrapper, the agent will not run.
2021-10-21 20:39:45,166 [main] INFO  org.mule.DefaultMuleContext - 
**********************************************************************
* Application: helloworld                                            *
* OS encoding: \, Mule encoding: UTF-8                               *
*                                                                    *
* Agents Running:                                                    *
*   JMX Agent                                                        *
*   Batch module default engine                                      *
*   DevKit Extension Information                                     *
*   Wrapper Manager                                                  *
**********************************************************************
2021-10-21 21:06:54,772 [main] INFO  org.mule.module.launcher.application.DefaultMuleApplication - 
++++++++++++++++++++++++++++++++++++++++++++++++++++++++++++
+ Initializing app 'helloworld'                            +
++++++++++++++++++++++++++++++++++++++++++++++++++++++++++++
2021-10-21 21:06:55,842 [main] INFO  org.mule.lifecycle.AbstractLifecycleManager - Initialising RegistryBroker
2021-10-21 21:06:56,212 [main] INFO  org.mule.module.extension.internal.manager.DefaultExtensionManager - Starting discovery of extensions
2021-10-21 21:06:56,675 [main] INFO  org.mule.module.extension.internal.manager.DefaultExtensionManager - Discovered 1 extensions
2021-10-21 21:06:56,675 [main] INFO  org.mule.module.extension.internal.manager.DefaultExtensionManager - Registering extension validation (version 3.8)
2021-10-21 21:06:57,072 [main] INFO  org.mule.config.spring.MuleArtifactContext - Refreshing org.mule.config.spring.MuleArtifactContext@1ca25c47: startup date [Thu Oct 21 21:06:57 CEST 2021]; root of context hierarchy
2021-10-21 21:06:59,861 [main] INFO  org.mule.lifecycle.AbstractLifecycleManager - Disposing RegistryBroker
2021-10-21 21:07:00,049 [main] ERROR org.mule.module.launcher.application.DefaultMuleApplication - null
org.xml.sax.SAXParseException: cvc-complex-type.4: Attribute 'value' must appear on element 'set-payload'.
	at org.apache.xerces.util.ErrorHandlerWrapper.createSAXParseException(Unknown Source) ~[?:?]
	at org.apache.xerces.util.ErrorHandlerWrapper.error(Unknown Source) ~[?:?]
	at org.apache.xerces.impl.XMLErrorReporter.reportError(Unknown Source) ~[?:?]
	at org.apache.xerces.impl.XMLErrorReporter.reportError(Unknown Source) ~[?:?]
	at org.apache.xerces.impl.XMLErrorReporter.reportError(Unknown Source) ~[?:?]
	at org.apache.xerces.impl.xs.XMLSchemaValidator$XSIErrorReporter.reportError(Unknown Source) ~[?:?]
	at org.apache.xerces.impl.xs.XMLSchemaValidator.reportSchemaError(Unknown Source) ~[?:?]
	at org.apache.xerces.impl.xs.XMLSchemaValidator.addDefaultAttributes(Unknown Source) ~[?:?]
	at org.apache.xerces.impl.xs.XMLSchemaValidator.handleStartElement(Unknown Source) ~[?:?]
	at org.apache.xerces.impl.xs.XMLSchemaValidator.emptyElement(Unknown Source) ~[?:?]
	at org.apache.xerces.impl.XMLNSDocumentScannerImpl.scanStartElement(Unknown Source) ~[?:?]
	at org.apache.xerces.impl.XMLDocumentFragmentScannerImpl$FragmentContentDispatcher.dispatch(Unknown Source) ~[?:?]
	at org.apache.xerces.impl.XMLDocumentFragmentScannerImpl.scanDocument(Unknown Source) ~[?:?]
	at org.apache.xerces.parsers.XML11Configuration.parse(Unknown Source) ~[?:?]
	at org.apache.xerces.parsers.XML11Configuration.parse(Unknown Source) ~[?:?]
	at org.apache.xerces.parsers.XMLParser.parse(Unknown Source) ~[?:?]
	at org.apache.xerces.parsers.DOMParser.parse(Unknown Source) ~[?:?]
	at org.apache.xerces.jaxp.DocumentBuilderImpl.parse(Unknown Source) ~[?:?]
	at org.springframework.beans.factory.xml.DefaultDocumentLoader.loadDocument(DefaultDocumentLoader.java:76) ~[spring-beans-4.1.9.RELEASE.jar:4.1.9.RELEASE]
	at org.mule.config.spring.MuleDocumentLoader.loadDocument(MuleDocumentLoader.java:91) ~[mule-module-spring-config-3.8.2.jar:3.8.2]
	at org.springframework.beans.factory.xml.XmlBeanDefinitionReader.doLoadDocument(XmlBeanDefinitionReader.java:429) ~[spring-beans-4.1.9.RELEASE.jar:4.1.9.RELEASE]
	at org.springframework.beans.factory.xml.XmlBeanDefinitionReader.doLoadBeanDefinitions(XmlBeanDefinitionReader.java:391) ~[spring-beans-4.1.9.RELEASE.jar:4.1.9.RELEASE]
	at org.springframework.beans.factory.xml.XmlBeanDefinitionReader.loadBeanDefinitions(XmlBeanDefinitionReader.java:336) ~[spring-beans-4.1.9.RELEASE.jar:4.1.9.RELEASE]
	at org.springframework.beans.factory.xml.XmlBeanDefinitionReader.loadBeanDefinitions(XmlBeanDefinitionReader.java:304) ~[spring-beans-4.1.9.RELEASE.jar:4.1.9.RELEASE]
	at org.springframework.beans.factory.support.AbstractBeanDefinitionReader.loadBeanDefinitions(AbstractBeanDefinitionReader.java:181) ~[spring-beans-4.1.9.RELEASE.jar:4.1.9.RELEASE]
	at org.mule.config.spring.MuleArtifactContext.loadBeanDefinitions(MuleArtifactContext.java:192) ~[mule-module-spring-config-3.8.2.jar:3.8.2]
	at org.springframework.context.support.AbstractRefreshableApplicationContext.refreshBeanFactory(AbstractRefreshableApplicationContext.java:129) ~[spring-context-4.1.9.RELEASE.jar:4.1.9.RELEASE]
	at org.springframework.context.support.AbstractApplicationContext.obtainFreshBeanFactory(AbstractApplicationContext.java:541) ~[spring-context-4.1.9.RELEASE.jar:4.1.9.RELEASE]
	at org.springframework.context.support.AbstractApplicationContext.refresh(AbstractApplicationContext.java:452) ~[spring-context-4.1.9.RELEASE.jar:4.1.9.RELEASE]
	at org.mule.config.spring.SpringRegistry.doInitialise(SpringRegistry.java:108) ~[mule-module-spring-config-3.8.2.jar:3.8.2]
	at org.mule.registry.AbstractRegistry.initialise(AbstractRegistry.java:104) ~[mule-core-3.8.2.jar:3.8.2]
	at org.mule.config.spring.SpringXmlConfigurationBuilder.createSpringRegistry(SpringXmlConfigurationBuilder.java:177) ~[mule-module-spring-config-3.8.2.jar:3.8.2]
	at org.mule.config.spring.SpringXmlConfigurationBuilder.doConfigure(SpringXmlConfigurationBuilder.java:100) ~[mule-module-spring-config-3.8.2.jar:3.8.2]
	at org.mule.config.builders.AbstractConfigurationBuilder.configure(AbstractConfigurationBuilder.java:43) ~[mule-core-3.8.2.jar:3.8.2]
	at org.mule.config.builders.AbstractResourceConfigurationBuilder.configure(AbstractResourceConfigurationBuilder.java:69) ~[mule-core-3.8.2.jar:3.8.2]
	at org.mule.config.builders.AutoConfigurationBuilder.autoConfigure(AutoConfigurationBuilder.java:102) ~[mule-core-3.8.2.jar:3.8.2]
	at org.mule.config.builders.AutoConfigurationBuilder.doConfigure(AutoConfigurationBuilder.java:54) ~[mule-core-3.8.2.jar:3.8.2]
	at org.mule.config.builders.AbstractConfigurationBuilder.configure(AbstractConfigurationBuilder.java:43) ~[mule-core-3.8.2.jar:3.8.2]
	at org.mule.config.builders.AbstractResourceConfigurationBuilder.configure(AbstractResourceConfigurationBuilder.java:69) ~[mule-core-3.8.2.jar:3.8.2]
	at org.mule.context.DefaultMuleContextFactory$1.configure(DefaultMuleContextFactory.java:89) ~[mule-core-3.8.2.jar:3.8.2]
	at org.mule.context.DefaultMuleContextFactory.doCreateMuleContext(DefaultMuleContextFactory.java:222) ~[mule-core-3.8.2.jar:3.8.2]
	at org.mule.context.DefaultMuleContextFactory.createMuleContext(DefaultMuleContextFactory.java:81) ~[mule-core-3.8.2.jar:3.8.2]
	at org.mule.module.launcher.application.DefaultMuleApplication.init(DefaultMuleApplication.java:203) ~[mule-module-launcher-3.8.2.jar:3.8.2]
	at org.mule.module.launcher.artifact.ArtifactWrapper$2.execute(ArtifactWrapper.java:63) ~[mule-module-launcher-3.8.2.jar:3.8.2]
	at org.mule.module.launcher.artifact.ArtifactWrapper.executeWithinArtifactClassLoader(ArtifactWrapper.java:136) ~[mule-module-launcher-3.8.2.jar:3.8.2]
	at org.mule.module.launcher.artifact.ArtifactWrapper.init(ArtifactWrapper.java:58) ~[mule-module-launcher-3.8.2.jar:3.8.2]
	at org.mule.module.launcher.DefaultArtifactDeployer.deploy(DefaultArtifactDeployer.java:25) ~[mule-module-launcher-3.8.2.jar:3.8.2]
	at org.mule.module.launcher.DefaultArchiveDeployer.deployArtifact(DefaultArchiveDeployer.java:309) ~[mule-module-launcher-3.8.2.jar:3.8.2]
	at org.mule.module.launcher.DefaultArchiveDeployer.deployPackagedArtifact(DefaultArchiveDeployer.java:164) ~[mule-module-launcher-3.8.2.jar:3.8.2]
	at org.mule.module.launcher.DefaultArchiveDeployer.deployPackagedArtifact(DefaultArchiveDeployer.java:253) ~[mule-module-launcher-3.8.2.jar:3.8.2]
	at org.mule.module.launcher.DefaultArchiveDeployer.deployPackagedArtifact(DefaultArchiveDeployer.java:75) ~[mule-module-launcher-3.8.2.jar:3.8.2]
	at org.mule.module.launcher.DeploymentDirectoryWatcher.deployPackedApps(DeploymentDirectoryWatcher.java:278) ~[mule-module-launcher-3.8.2.jar:3.8.2]
	at org.mule.module.launcher.DeploymentDirectoryWatcher.start(DeploymentDirectoryWatcher.java:150) ~[mule-module-launcher-3.8.2.jar:3.8.2]
	at org.mule.module.launcher.MuleDeploymentService.start(MuleDeploymentService.java:134) ~[mule-module-launcher-3.8.2.jar:3.8.2]
	at org.mule.module.launcher.MuleContainer.start(MuleContainer.java:172) ~[mule-module-launcher-3.8.2.jar:3.8.2]
	at org.mule.tooling.server.application.ApplicationDeployer.main(ApplicationDeployer.java:15) ~[tooling-support-3.8.2.jar:?]
2021-10-21 21:07:00,065 [main] INFO  org.mule.module.launcher.application.DefaultMuleApplication - App 'helloworld' never started, nothing to dispose of
2021-10-22 15:20:25,512 [main] INFO  org.mule.module.launcher.application.DefaultMuleApplication - 
++++++++++++++++++++++++++++++++++++++++++++++++++++++++++++
+ Initializing app 'helloworld'                            +
++++++++++++++++++++++++++++++++++++++++++++++++++++++++++++
2021-10-22 15:20:26,407 [main] INFO  org.mule.lifecycle.AbstractLifecycleManager - Initialising RegistryBroker
2021-10-22 15:20:26,720 [main] INFO  org.mule.module.extension.internal.manager.DefaultExtensionManager - Starting discovery of extensions
2021-10-22 15:20:27,206 [main] INFO  org.mule.module.extension.internal.manager.DefaultExtensionManager - Discovered 1 extensions
2021-10-22 15:20:27,206 [main] INFO  org.mule.module.extension.internal.manager.DefaultExtensionManager - Registering extension validation (version 3.8)
2021-10-22 15:20:27,630 [main] INFO  org.mule.config.spring.MuleArtifactContext - Refreshing org.mule.config.spring.MuleArtifactContext@1ca25c47: startup date [Fri Oct 22 15:20:27 CEST 2021]; root of context hierarchy
2021-10-22 15:20:30,767 [main] INFO  org.mule.config.spring.processors.NoDevkitInjectorProcessor - JSR-330 'javax.inject.Inject' annotation found and supported for autowiring
2021-10-22 15:20:32,914 [main] WARN  org.mule.module.ognl.expression.OgnlExpressionEvaluator - OGNL module is deprecated and will be removed in Mule 4.0. Use MEL expressions instead.
2021-10-22 15:20:34,240 [main] INFO  org.mule.util.journal.TransactionJournal - Using files for tx logs C:\Users\dfmar\AnypointStudio\workspace\.mule\.\.mule\helloworld\queue-tx-log\tx1.log and C:\Users\dfmar\AnypointStudio\workspace\.mule\.\.mule\helloworld\queue-tx-log\tx2.log
2021-10-22 15:20:34,302 [main] INFO  org.mule.util.journal.TransactionJournal - Using files for tx logs C:\Users\dfmar\AnypointStudio\workspace\.mule\.\.mule\helloworld\queue-xa-tx-log\tx1.log and C:\Users\dfmar\AnypointStudio\workspace\.mule\.\.mule\helloworld\queue-xa-tx-log\tx2.log
2021-10-22 15:20:34,663 [main] INFO  org.mule.lifecycle.AbstractLifecycleManager - Initialising model: _muleSystemModel
2021-10-22 15:20:34,663 [main] INFO  org.mule.construct.FlowConstructLifecycleManager - Initialising flow: helloworldFlow
2021-10-22 15:20:34,663 [main] INFO  org.mule.exception.DefaultMessagingExceptionStrategy - Initialising exception listener: org.mule.exception.DefaultMessagingExceptionStrategy@57545c3f
2021-10-22 15:20:34,727 [main] INFO  org.mule.processor.SedaStageLifecycleManager - Initialising service: helloworldFlow.stage1
2021-10-22 15:20:34,743 [main] INFO  org.mule.component.ComponentLifecycleManager - Initialising component: component.619199769
2021-10-22 15:20:35,415 [main] INFO  org.mule.config.spring.SpringXmlConfigurationBuilder - Configured Mule using "org.mule.config.spring.SpringXmlConfigurationBuilder" with configuration resource(s): "[ConfigResource{resourceName='C:\Users\dfmar\AnypointStudio\workspace\.mule\apps\helloworld\helloworld.xml'}]"
2021-10-22 15:20:35,425 [main] INFO  org.mule.config.builders.AutoConfigurationBuilder - Configured Mule using "org.mule.config.builders.AutoConfigurationBuilder" with configuration resource(s): "[ConfigResource{resourceName='C:\Users\dfmar\AnypointStudio\workspace\.mule\apps\helloworld\helloworld.xml'}]"
2021-10-22 15:20:36,101 [main] INFO  org.mule.module.launcher.application.DefaultMuleApplication - 
++++++++++++++++++++++++++++++++++++++++++++++++++++++++++++
+ Starting app 'helloworld'                                +
++++++++++++++++++++++++++++++++++++++++++++++++++++++++++++
2021-10-22 15:20:36,109 [main] INFO  org.mule.util.queue.QueueXaResourceManager - Starting ResourceManager
2021-10-22 15:20:36,109 [main] INFO  org.mule.util.queue.QueueXaResourceManager - Started ResourceManager
2021-10-22 15:20:36,229 [main] INFO  org.mule.module.http.internal.listener.DefaultHttpListenerConfig - Listening for requests on http://0.0.0.0:8081
2021-10-22 15:20:36,237 [main] INFO  org.mule.modules.oauth2.provider.agents.DefaultSplashScreenAgent - 
++++++++++++++++++++++++++++++++++++++++++++++++++++++++++++++++++++++++++++++++
+ DevKit Extensions (0) used in this application 
                             +
++++++++++++++++++++++++++++++++++++++++++++++++++++++++++++++++++++++++++++++++
2021-10-22 15:20:36,245 [main] INFO  org.mule.lifecycle.AbstractLifecycleManager - Starting model: _muleSystemModel
2021-10-22 15:20:36,253 [main] INFO  org.mule.construct.FlowConstructLifecycleManager - Starting flow: helloworldFlow
2021-10-22 15:20:36,253 [main] INFO  org.mule.processor.SedaStageLifecycleManager - Starting service: helloworldFlow.stage1
2021-10-22 15:20:36,277 [main] INFO  org.mule.component.ComponentLifecycleManager - Starting component: component.619199769
2021-10-22 15:20:36,421 [main] INFO  org.mule.module.management.agent.WrapperManagerAgent - This JVM hasn't been launched by the wrapper, the agent will not run.
2021-10-22 15:20:41,071 [main] INFO  org.mule.DefaultMuleContext - 
**********************************************************************
* Application: helloworld                                            *
* OS encoding: \, Mule encoding: UTF-8                               *
*                                                                    *
* Agents Running:                                                    *
*   JMX Agent                                                        *
*   Batch module default engine                                      *
*   DevKit Extension Information                                     *
*   Wrapper Manager                                                  *
**********************************************************************
2021-10-22 15:21:41,953 [main] INFO  org.mule.module.launcher.application.DefaultMuleApplication - 
++++++++++++++++++++++++++++++++++++++++++++++++++++++++++++
+ Initializing app 'helloworld'                            +
++++++++++++++++++++++++++++++++++++++++++++++++++++++++++++
2021-10-22 15:21:42,593 [main] INFO  org.mule.lifecycle.AbstractLifecycleManager - Initialising RegistryBroker
2021-10-22 15:21:42,729 [main] INFO  org.mule.module.extension.internal.manager.DefaultExtensionManager - Starting discovery of extensions
2021-10-22 15:21:42,898 [main] INFO  org.mule.module.extension.internal.manager.DefaultExtensionManager - Discovered 1 extensions
2021-10-22 15:21:42,898 [main] INFO  org.mule.module.extension.internal.manager.DefaultExtensionManager - Registering extension validation (version 3.8)
2021-10-22 15:21:43,114 [main] INFO  org.mule.config.spring.MuleArtifactContext - Refreshing org.mule.config.spring.MuleArtifactContext@1ca25c47: startup date [Fri Oct 22 15:21:43 CEST 2021]; root of context hierarchy
2021-10-22 15:21:45,169 [main] INFO  org.mule.config.spring.processors.NoDevkitInjectorProcessor - JSR-330 'javax.inject.Inject' annotation found and supported for autowiring
2021-10-22 15:21:46,603 [main] WARN  org.mule.module.ognl.expression.OgnlExpressionEvaluator - OGNL module is deprecated and will be removed in Mule 4.0. Use MEL expressions instead.
2021-10-22 15:21:47,020 [main] INFO  org.mule.util.journal.TransactionJournal - Using files for tx logs C:\Users\dfmar\AnypointStudio\workspace\.mule\.\.mule\helloworld\queue-tx-log\tx1.log and C:\Users\dfmar\AnypointStudio\workspace\.mule\.\.mule\helloworld\queue-tx-log\tx2.log
2021-10-22 15:21:47,036 [main] INFO  org.mule.util.journal.TransactionJournal - Using files for tx logs C:\Users\dfmar\AnypointStudio\workspace\.mule\.\.mule\helloworld\queue-xa-tx-log\tx1.log and C:\Users\dfmar\AnypointStudio\workspace\.mule\.\.mule\helloworld\queue-xa-tx-log\tx2.log
2021-10-22 15:21:47,176 [main] INFO  org.mule.lifecycle.AbstractLifecycleManager - Initialising model: _muleSystemModel
2021-10-22 15:21:47,192 [main] INFO  org.mule.construct.FlowConstructLifecycleManager - Initialising flow: helloworldFlow
2021-10-22 15:21:47,192 [main] INFO  org.mule.exception.DefaultMessagingExceptionStrategy - Initialising exception listener: org.mule.exception.DefaultMessagingExceptionStrategy@57545c3f
2021-10-22 15:21:47,224 [main] INFO  org.mule.processor.SedaStageLifecycleManager - Initialising service: helloworldFlow.stage1
2021-10-22 15:21:47,240 [main] INFO  org.mule.component.ComponentLifecycleManager - Initialising component: component.619199769
2021-10-22 15:21:47,632 [main] INFO  org.mule.config.spring.SpringXmlConfigurationBuilder - Configured Mule using "org.mule.config.spring.SpringXmlConfigurationBuilder" with configuration resource(s): "[ConfigResource{resourceName='C:\Users\dfmar\AnypointStudio\workspace\.mule\apps\helloworld\helloworld.xml'}]"
2021-10-22 15:21:47,632 [main] INFO  org.mule.config.builders.AutoConfigurationBuilder - Configured Mule using "org.mule.config.builders.AutoConfigurationBuilder" with configuration resource(s): "[ConfigResource{resourceName='C:\Users\dfmar\AnypointStudio\workspace\.mule\apps\helloworld\helloworld.xml'}]"
2021-10-22 15:21:48,177 [main] INFO  org.mule.module.launcher.application.DefaultMuleApplication - 
++++++++++++++++++++++++++++++++++++++++++++++++++++++++++++
+ Starting app 'helloworld'                                +
++++++++++++++++++++++++++++++++++++++++++++++++++++++++++++
2021-10-22 15:21:48,177 [main] INFO  org.mule.util.queue.QueueXaResourceManager - Starting ResourceManager
2021-10-22 15:21:48,177 [main] INFO  org.mule.util.queue.QueueXaResourceManager - Started ResourceManager
2021-10-22 15:21:48,271 [main] INFO  org.mule.module.http.internal.listener.DefaultHttpListenerConfig - Listening for requests on http://0.0.0.0:8081
2021-10-22 15:21:48,271 [main] INFO  org.mule.modules.oauth2.provider.agents.DefaultSplashScreenAgent - 
++++++++++++++++++++++++++++++++++++++++++++++++++++++++++++++++++++++++++++++++
+ DevKit Extensions (0) used in this application 
                             +
++++++++++++++++++++++++++++++++++++++++++++++++++++++++++++++++++++++++++++++++
2021-10-22 15:21:48,271 [main] INFO  org.mule.lifecycle.AbstractLifecycleManager - Starting model: _muleSystemModel
2021-10-22 15:21:48,271 [main] INFO  org.mule.construct.FlowConstructLifecycleManager - Starting flow: helloworldFlow
2021-10-22 15:21:48,271 [main] INFO  org.mule.processor.SedaStageLifecycleManager - Starting service: helloworldFlow.stage1
2021-10-22 15:21:48,287 [main] INFO  org.mule.component.ComponentLifecycleManager - Starting component: component.619199769
2021-10-22 15:21:48,381 [main] INFO  org.mule.module.management.agent.WrapperManagerAgent - This JVM hasn't been launched by the wrapper, the agent will not run.
2021-10-22 15:21:53,935 [main] INFO  org.mule.DefaultMuleContext - 
**********************************************************************
* Application: helloworld                                            *
* OS encoding: \, Mule encoding: UTF-8                               *
*                                                                    *
* Agents Running:                                                    *
*   JMX Agent                                                        *
*   Batch module default engine                                      *
*   DevKit Extension Information                                     *
*   Wrapper Manager                                                  *
**********************************************************************
